Running experiment on Cora dataset...
Epoch 10, Training Loss: 1.3924
Epoch 10, Validation Loss: 1.3384
Epoch 20, Training Loss: 0.5086
Epoch 20, Validation Loss: 0.5437
Epoch 30, Training Loss: 0.1528
Epoch 30, Validation Loss: 0.3377
Epoch 40, Training Loss: 0.0486
Epoch 40, Validation Loss: 0.3536
Epoch 50, Training Loss: 0.0169
Epoch 50, Validation Loss: 0.3812
Epoch 60, Training Loss: 0.0079
Epoch 60, Validation Loss: 0.3957
Epoch 70, Training Loss: 0.0048
Epoch 70, Validation Loss: 0.4081
Epoch 80, Training Loss: 0.0034
Epoch 80, Validation Loss: 0.4144
Epoch 90, Training Loss: 0.0027
Epoch 90, Validation Loss: 0.4197
Epoch 100, Training Loss: 0.0022
Epoch 100, Validation Loss: 0.4236
Epoch 110, Training Loss: 0.0019
Epoch 110, Validation Loss: 0.4275
Epoch 120, Training Loss: 0.0017
Epoch 120, Validation Loss: 0.4307
Epoch 130, Training Loss: 0.0015
Epoch 130, Validation Loss: 0.4338
Epoch 140, Training Loss: 0.0013
Epoch 140, Validation Loss: 0.4368
Epoch 150, Training Loss: 0.0012
Epoch 150, Validation Loss: 0.4397
Epoch 160, Training Loss: 0.0011
Epoch 160, Validation Loss: 0.4424
Epoch 170, Training Loss: 0.0010
Epoch 170, Validation Loss: 0.4451
Epoch 180, Training Loss: 0.0009
Epoch 180, Validation Loss: 0.4476
Epoch 190, Training Loss: 0.0008
Epoch 190, Validation Loss: 0.4501
Epoch 200, Training Loss: 0.0007
Epoch 200, Validation Loss: 0.4525
ER Graph Accuracy: 1.0000
Test Accuracy: 0.8497

Running experiment on PubMed dataset...
Epoch 10, Training Loss: 0.7289
Epoch 10, Validation Loss: 0.6896
Epoch 20, Training Loss: 0.4212
Epoch 20, Validation Loss: 0.4439
Epoch 30, Training Loss: 0.3608
Epoch 30, Validation Loss: 0.3959
Epoch 40, Training Loss: 0.2953
Epoch 40, Validation Loss: 0.3536
Epoch 50, Training Loss: 0.2504
Epoch 50, Validation Loss: 0.3428
Epoch 60, Training Loss: 0.2147
Epoch 60, Validation Loss: 0.3482
Epoch 70, Training Loss: 0.1859
Epoch 70, Validation Loss: 0.3578
Epoch 80, Training Loss: 0.1618
Epoch 80, Validation Loss: 0.3743
Epoch 90, Training Loss: 0.1411
Epoch 90, Validation Loss: 0.3945
Epoch 100, Training Loss: 0.1223
Epoch 100, Validation Loss: 0.4152
Epoch 110, Training Loss: 0.1047
Epoch 110, Validation Loss: 0.4364
Epoch 120, Training Loss: 0.0882
Epoch 120, Validation Loss: 0.4580
Epoch 130, Training Loss: 0.0732
Epoch 130, Validation Loss: 0.4801
Epoch 140, Training Loss: 0.0597
Epoch 140, Validation Loss: 0.5017
Epoch 150, Training Loss: 0.0481
Epoch 150, Validation Loss: 0.5237
Epoch 160, Training Loss: 0.0384
Epoch 160, Validation Loss: 0.5450
Epoch 170, Training Loss: 0.0304
Epoch 170, Validation Loss: 0.5664
Epoch 180, Training Loss: 0.0242
Epoch 180, Validation Loss: 0.5872
Epoch 190, Training Loss: 0.0194
Epoch 190, Validation Loss: 0.6069
Epoch 200, Training Loss: 0.0157
Epoch 200, Validation Loss: 0.6257
ER Graph Accuracy: 1.0000
Test Accuracy: 0.8513
